<?xml version="1.0" encoding="UTF-8"?>
<testng-results ignored="0" total="1" passed="1" failed="0" skipped="0">
  <reporter-output>
  </reporter-output>
  <suite started-at="2025-05-04T14:17:35 IST" name="Default suite" finished-at="2025-05-04T14:18:05 IST" duration-ms="30749">
    <groups>
    </groups>
    <test started-at="2025-05-04T14:17:35 IST" name="Default test" finished-at="2025-05-04T14:18:05 IST" duration-ms="30749">
      <class name="com.vtiger.IntegrationTest.CreateOrgTest">
        <test-method is-config="true" signature="configBS()[pri:0, instance:com.vtiger.IntegrationTest.CreateOrgTest@38425407]" started-at="2025-05-04T14:17:35 IST" name="configBS" finished-at="2025-05-04T14:17:35 IST" duration-ms="24" status="PASS">
          <reporter-output>
          </reporter-output>
        </test-method> <!-- configBS -->
        <test-method is-config="true" signature="configBC()[pri:0, instance:com.vtiger.IntegrationTest.CreateOrgTest@38425407]" started-at="2025-05-04T14:17:35 IST" name="configBC" finished-at="2025-05-04T14:17:43 IST" duration-ms="8674" status="PASS">
          <reporter-output>
          </reporter-output>
        </test-method> <!-- configBC -->
        <test-method is-config="true" signature="configBM()[pri:0, instance:com.vtiger.IntegrationTest.CreateOrgTest@38425407]" started-at="2025-05-04T14:17:43 IST" name="configBM" finished-at="2025-05-04T14:17:53 IST" duration-ms="10014" status="PASS">
          <reporter-output>
          </reporter-output>
        </test-method> <!-- configBM -->
        <test-method signature="createNewOrgTest()[pri:0, instance:com.vtiger.IntegrationTest.CreateOrgTest@38425407]" started-at="2025-05-04T14:17:53 IST" name="createNewOrgTest" finished-at="2025-05-04T14:18:03 IST" duration-ms="9986" status="PASS">
          <reporter-output>
          </reporter-output>
        </test-method> <!-- createNewOrgTest -->
        <test-method is-config="true" signature="configAM()[pri:0, instance:com.vtiger.IntegrationTest.CreateOrgTest@38425407]" started-at="2025-05-04T14:18:03 IST" name="configAM" finished-at="2025-05-04T14:18:05 IST" duration-ms="1185" status="PASS">
          <reporter-output>
          </reporter-output>
        </test-method> <!-- configAM -->
        <test-method is-config="true" signature="configAC()[pri:0, instance:com.vtiger.IntegrationTest.CreateOrgTest@38425407]" started-at="2025-05-04T14:18:05 IST" name="configAC" finished-at="2025-05-04T14:18:05 IST" duration-ms="810" status="PASS">
          <reporter-output>
          </reporter-output>
        </test-method> <!-- configAC -->
        <test-method is-config="true" signature="configAS()[pri:0, instance:com.vtiger.IntegrationTest.CreateOrgTest@38425407]" started-at="2025-05-04T14:18:05 IST" name="configAS" finished-at="2025-05-04T14:18:05 IST" duration-ms="0" status="PASS">
          <reporter-output>
          </reporter-output>
        </test-method> <!-- configAS -->
      </class> <!-- com.vtiger.IntegrationTest.CreateOrgTest -->
    </test> <!-- Default test -->
  </suite> <!-- Default suite -->
</testng-results>
